\BOOKMARK [1][-]{section*.1}{Abstract}{}% 1
\BOOKMARK [1][-]{section*.2}{Casting doubt on the causal link between intelligence and age at first intercourse: A cross-generational sibling comparison design using the NLSY}{}% 2
\BOOKMARK [1][-]{section*.3}{ }{}% 3
\BOOKMARK [1][-]{section*.4}{Cause or Confound?}{}% 4
\BOOKMARK [2][-]{section*.5}{Intelligence as a Cause}{section*.4}% 5
\BOOKMARK [2][-]{section*.6}{Intelligence as a Confound}{section*.4}% 6
\BOOKMARK [2][-]{section*.7}{Prior Within-Family Analyses}{section*.4}% 7
\BOOKMARK [2][-]{section*.8}{Current Study, Summary}{section*.4}% 8
\BOOKMARK [1][-]{section*.9}{Method}{}% 9
\BOOKMARK [2][-]{section*.10}{Research Design and Analytic Approach}{section*.9}% 10
\BOOKMARK [2][-]{section*.11}{Sample}{section*.9}% 11
\BOOKMARK [2][-]{section*.12}{Tetrads}{section*.9}% 12
\BOOKMARK [2][-]{section*.13}{Measures}{section*.9}% 13
\BOOKMARK [3][-]{section*.14}{Generation 1 AFI}{section*.13}% 14
\BOOKMARK [3][-]{section*.15}{Generation 2 AFI}{section*.13}% 15
\BOOKMARK [3][-]{section*.16}{Generation 1 Intelligence}{section*.13}% 16
\BOOKMARK [3][-]{section*.17}{Generation 2 Intelligence}{section*.13}% 17
\BOOKMARK [3][-]{section*.18}{Replicability and Reliability}{section*.13}% 18
\BOOKMARK [2][-]{section*.19}{Reliability of Difference Scores}{section*.9}% 19
\BOOKMARK [3][-]{section*.20}{AFI}{section*.19}% 20
\BOOKMARK [3][-]{section*.21}{Intelligence}{section*.19}% 21
\BOOKMARK [1][-]{section*.22}{Results}{}% 22
\BOOKMARK [2][-]{section*.23}{Between-Family Analyses}{section*.22}% 23
\BOOKMARK [3][-]{section*.24}{Gen1 Mean Intelligence \040Gen2 Mean AFI}{section*.23}% 24
\BOOKMARK [3][-]{section*.25}{Gen2 Mean Intelligence \040Gen2 Mean AFI}{section*.23}% 25
\BOOKMARK [3][-]{section*.26}{Joint Mean Intelligence \040Gen2 Mean AFI}{section*.23}% 26
\BOOKMARK [2][-]{section*.27}{Combination Between- and Within-Family Analyses}{section*.22}% 27
\BOOKMARK [3][-]{section*.28}{Gen1 Intelligence Differences \040Gen2 AFI Differences}{section*.27}% 28
\BOOKMARK [3][-]{section*.29}{Gen2 Intelligence Differences \040Gen2 AFI Differences}{section*.27}% 29
\BOOKMARK [3][-]{section*.30}{Joint Intelligence Differences \040Gen2 AFI Differences}{section*.27}% 30
\BOOKMARK [1][-]{section*.31}{Discussion}{}% 31
\BOOKMARK [2][-]{section*.32}{Between- vs. Within-Family Variance}{section*.31}% 32
\BOOKMARK [3][-]{section*.33}{Between-Family Results}{section*.32}% 33
\BOOKMARK [3][-]{section*.34}{Within-Family Results}{section*.32}% 34
\BOOKMARK [2][-]{section*.35}{Concluding Remarks}{section*.31}% 35
\BOOKMARK [1][-]{section*.36}{References}{}% 36
\BOOKMARK [2][-]{section*.37}{Between-Family Analyses}{section*.36}% 37
\BOOKMARK [2][-]{section*.38}{Within-Family Analyses}{section*.36}% 38
\BOOKMARK [2][-]{section*.39}{Between-Family Analyses}{section*.36}% 39
\BOOKMARK [2][-]{section*.40}{Within-Family Analyses}{section*.36}% 40
