Mplus VERSION 7.3
MUTHEN & MUTHEN
06/01/2015  10:13 PM

INPUT INSTRUCTIONS

  TITLE:
  CFA G_around_11121013;
  DATA:
  FILE = "E:/Dropbox/MPlus/G2Intel/1112zcenter/G_around_11121013.dat";

  VARIABLE:
  NAMES = CASEID ASEID MCASEID YRB AGE ROUND DIGIT MATH RECOG COMP PPVT;
   MISSING=.;
   USEVARIABLES ARE DIGIT MATH RECOG  COMP PPVT;
      CLUSTER = MCASEID;
      auxiliary =CASEID ASEID;
  ANALYSIS:
  TYPE= complex;

      ESTIMATOR=MLR;
      iterations=200000;
  MODEL:
  g by DIGIT MATH RECOG COMP PPVT;
  OUTPUT:
  STANDARDIZED;




*** WARNING
  Data set contains cases with missing on all variables.
  These cases were not included in the analysis.
  Number of cases with missing on all variables:  3542
   1 WARNING(S) FOUND IN THE INPUT INSTRUCTIONS




CFA G_around_11121013;

SUMMARY OF ANALYSIS

Number of groups                                                 1
Number of observations                                        7970

Number of dependent variables                                    5
Number of independent variables                                  0
Number of continuous latent variables                            1

Observed dependent variables

  Continuous
   DIGIT       MATH        RECOG       COMP        PPVT

Observed auxiliary variables
   CASEID      ASEID

Continuous latent variables
   G

Variables with special functions

  Cluster variable      MCASEID

Estimator                                                      MLR
Information matrix                                        OBSERVED
Maximum number of iterations                                200000
Convergence criterion                                    0.500D-04
Maximum number of steepest descent iterations                   20
Maximum number of iterations for H1                           2000
Convergence criterion for H1                             0.100D-03

Input data file(s)
  E:/Dropbox/MPlus/G2Intel/1112zcenter/G_around_11121013.dat

Input data format  FREE


SUMMARY OF DATA

     Number of missing data patterns            18
     Number of clusters        3585



COVARIANCE COVERAGE OF DATA

Minimum covariance coverage value   0.100


     PROPORTION OF DATA PRESENT


           Covariance Coverage
              DIGIT         MATH          RECOG         COMP          PPVT
              ________      ________      ________      ________      ________
 DIGIT          0.932
 MATH           0.928         0.996
 RECOG          0.927         0.994         0.995
 COMP           0.921         0.987         0.988         0.988
 PPVT           0.888         0.907         0.906         0.903         0.909



THE MODEL ESTIMATION TERMINATED NORMALLY



MODEL FIT INFORMATION

Number of Free Parameters                       15

Loglikelihood

          H0 Value                     -140683.139
          H0 Scaling Correction Factor      1.4671
            for MLR
          H1 Value                     -140524.087
          H1 Scaling Correction Factor      1.3917
            for MLR

Information Criteria

          Akaike (AIC)                  281396.278
          Bayesian (BIC)                281501.030
          Sample-Size Adjusted BIC      281453.363
            (n* = (n + 2) / 24)

Chi-Square Test of Model Fit

          Value                            272.925*
          Degrees of Freedom                     5
          P-Value                           0.0000
          Scaling Correction Factor         1.1655
            for MLR

*   The chi-square value for MLM, MLMV, MLR, ULSMV, WLSM and WLSMV cannot be used
    for chi-square difference testing in the regular way.  MLM, MLR and WLSM
    chi-square difference testing is described on the Mplus website.  MLMV, WLSMV,
    and ULSMV difference testing is done using the DIFFTEST option.

RMSEA (Root Mean Square Error Of Approximation)

          Estimate                           0.082
          90 Percent C.I.                    0.074  0.090
          Probability RMSEA <= .05           0.000

CFI/TLI

          CFI                                0.982
          TLI                                0.963

Chi-Square Test of Model Fit for the Baseline Model

          Value                          14668.573
          Degrees of Freedom                    10
          P-Value                           0.0000

SRMR (Standardized Root Mean Square Residual)

          Value                              0.020



MODEL RESULTS

                                                    Two-Tailed
                    Estimate       S.E.  Est./S.E.    P-Value

 G        BY
    DIGIT              1.000      0.000    999.000    999.000
    MATH               6.239      0.144     43.219      0.000
    RECOG              7.312      0.165     44.279      0.000
    COMP               6.692      0.163     40.950      0.000
    PPVT               8.588      0.222     38.722      0.000

 Intercepts
    DIGIT              9.839      0.045    216.304      0.000
    MATH             100.973      0.223    452.744      0.000
    RECOG            102.828      0.237    434.666      0.000
    COMP              98.266      0.215    456.519      0.000
    PPVT              93.019      0.334    278.875      0.000

 Variances
    G                  3.199      0.153     20.940      0.000

 Residual Variances
    DIGIT              7.319      0.138     52.947      0.000
    MATH             100.675      2.189     45.986      0.000
    RECOG             73.235      2.013     36.377      0.000
    COMP              58.362      1.778     32.818      0.000
    PPVT             182.377      6.526     27.946      0.000


STANDARDIZED MODEL RESULTS


STDYX Standardization

                                                    Two-Tailed
                    Estimate       S.E.  Est./S.E.    P-Value

 G        BY
    DIGIT              0.551      0.010     53.494      0.000
    MATH               0.744      0.007    102.256      0.000
    RECOG              0.837      0.005    153.138      0.000
    COMP               0.843      0.006    147.538      0.000
    PPVT               0.751      0.009     83.496      0.000

 Intercepts
    DIGIT              3.034      0.030    102.033      0.000
    MATH               6.729      0.062    109.211      0.000
    RECOG              6.580      0.062    105.618      0.000
    COMP               6.921      0.066    104.601      0.000
    PPVT               4.548      0.063     72.427      0.000

 Variances
    G                  1.000      0.000    999.000    999.000

 Residual Variances
    DIGIT              0.696      0.011     61.204      0.000
    MATH               0.447      0.011     41.342      0.000
    RECOG              0.300      0.009     32.790      0.000
    COMP               0.289      0.010     30.054      0.000
    PPVT               0.436      0.014     32.274      0.000


STDY Standardization

                                                    Two-Tailed
                    Estimate       S.E.  Est./S.E.    P-Value

 G        BY
    DIGIT              0.551      0.010     53.494      0.000
    MATH               0.744      0.007    102.256      0.000
    RECOG              0.837      0.005    153.138      0.000
    COMP               0.843      0.006    147.538      0.000
    PPVT               0.751      0.009     83.496      0.000

 Intercepts
    DIGIT              3.034      0.030    102.033      0.000
    MATH               6.729      0.062    109.211      0.000
    RECOG              6.580      0.062    105.618      0.000
    COMP               6.921      0.066    104.601      0.000
    PPVT               4.548      0.063     72.427      0.000

 Variances
    G                  1.000      0.000    999.000    999.000

 Residual Variances
    DIGIT              0.696      0.011     61.204      0.000
    MATH               0.447      0.011     41.342      0.000
    RECOG              0.300      0.009     32.790      0.000
    COMP               0.289      0.010     30.054      0.000
    PPVT               0.436      0.014     32.274      0.000


STD Standardization

                                                    Two-Tailed
                    Estimate       S.E.  Est./S.E.    P-Value

 G        BY
    DIGIT              1.788      0.043     41.879      0.000
    MATH              11.158      0.177     62.924      0.000
    RECOG             13.077      0.169     77.420      0.000
    COMP              11.969      0.156     76.539      0.000
    PPVT              15.360      0.292     52.642      0.000

 Intercepts
    DIGIT              9.839      0.045    216.304      0.000
    MATH             100.973      0.223    452.744      0.000
    RECOG            102.828      0.237    434.666      0.000
    COMP              98.266      0.215    456.519      0.000
    PPVT              93.019      0.334    278.875      0.000

 Variances
    G                  1.000      0.000    999.000    999.000

 Residual Variances
    DIGIT              7.319      0.138     52.947      0.000
    MATH             100.675      2.189     45.986      0.000
    RECOG             73.235      2.013     36.377      0.000
    COMP              58.362      1.778     32.818      0.000
    PPVT             182.377      6.526     27.946      0.000


R-SQUARE

    Observed                                        Two-Tailed
    Variable        Estimate       S.E.  Est./S.E.    P-Value

    DIGIT              0.304      0.011     26.747      0.000
    MATH               0.553      0.011     51.128      0.000
    RECOG              0.700      0.009     76.569      0.000
    COMP               0.711      0.010     73.769      0.000
    PPVT               0.564      0.014     41.748      0.000


QUALITY OF NUMERICAL RESULTS

     Condition Number for the Information Matrix              0.269E-03
       (ratio of smallest to largest eigenvalue)


     Beginning Time:  22:13:26
        Ending Time:  22:13:26
       Elapsed Time:  00:00:00



MUTHEN & MUTHEN
3463 Stoner Ave.
Los Angeles, CA  90066

Tel: (310) 391-9971
Fax: (310) 391-8971
Web: www.StatModel.com
Support: Support@StatModel.com

Copyright (c) 1998-2014 Muthen & Muthen
